Microsoft (R) Windows Script Host Version 5.812
Copyright (C) Microsoft Corporation. All rights reserved.

SeS Player Starting...
Rapise Version:6.6.21.22
Verbose level:1
Creating a locator:Spreadsheet
Creating a locator:HTML
Creating a locator:HTML FPP
###b2110-MyAccount-MyProfile (-2)
###Starting scenario: Test (-2)
Attaching to spreadsheet : true : C:\Spira\MxMasterTest\MxNavigation\b2110-MyAccount-MyProfile\Main.rvl.xlsx
SetRowIndex: 0:22
Playing script: Script: C:\Spira\MxMasterTest\MxNavigation\b2110-MyAccount-MyProfile\Main.rvl.xlsx:RVL, 23 source rows 0 errors
###Level 1 : My Account (-2)
Connecting to Chrome
Connected to chrome:Chrome Legacy Window[Chrome_RenderWidgetHostHWND]
Accessible object: [ROLE_SYSTEM_WINDOW]
Using default WebAppProfile
Chrome Extension Version: 3.0.10
Chrome active URL: http://mx365dev.ptassoc.com/Security/Sign-In
Connected to Chrome window:http://mx365dev.ptassoc.com/Security/Sign-In
************!!!!!!!!!!!!!!!!!!**************
MatchedObject:(HTMLObject)[-1]
Looking for object:Global
###Level 2  Vertical Link: My Profile (-2)
###Xpath: (//h4[contains(@class, 'd-block') and contains(., 'My Profile')])[1] (-2)
************!!!!!!!!!!!!!!!!!!**************
MatchedObject:(HTMLObject)[-1]
Looking for object:Global
Execution is over, bailing out.
###b2110-MyAccount-MyProfile (-1)
Test execution done
##############################################################
Test Unresolved: b2110-MyAccount-MyProfile,  (Passed:0 Failed:0 Time:7.756s)
Test Session Status: Unresolved Time: 10.393s
##############################################################
